生成启动时间为 2016/10/19 9:00:04。
     1>项目“C:\Users\user\Documents\Visual Studio 2010\Projects\number guess\number guess\number guess.vcxproj”在节点 2 上(build 个目标)。
     1>InitializeBuildStatus:
         正在创建“Debug\number guess.unsuccessfulbuild”，因为已指定“AlwaysCreate”。
       ClCompile:
         C:\Program Files (x86)\Microsoft Visual Studio 10.0\VC\bin\CL.exe /c /ZI /nologo /W3 /WX- /Od /Oy- /D _MBCS /Gm /EHsc /RTC1 /MDd /GS /fp:precise /Zc:wchar_t /Zc:forScope /Fo"Debug\\" /Fd"Debug\vc100.pdb" /Gd /TP /analyze- /errorReport:prompt "random number.cpp"
         random number.cpp
     1>c:\users\user\documents\visual studio 2010\projects\number guess\number guess\random number.cpp(5): warning C4244: “参数”: 从“time_t”转换到“unsigned int”，可能丢失数据
       Link:
         C:\Program Files (x86)\Microsoft Visual Studio 10.0\VC\bin\link.exe /ERRORREPORT:PROMPT /OUT:"C:\Users\user\Documents\Visual Studio 2010\Projects\number guess\Debug\number guess.exe" /NOLOGO kernel32.lib user32.lib gdi32.lib winspool.lib comdlg32.lib advapi32.lib shell32.lib ole32.lib oleaut32.lib uuid.lib odbc32.lib odbccp32.lib /MANIFEST /ManifestFile:"Debug\number guess.exe.intermediate.manifest" /MANIFESTUAC:"level='asInvoker' uiAccess='false'" /DEBUG /PDB:"C:\Users\user\Documents\Visual Studio 2010\Projects\number guess\Debug\number guess.pdb" /TLBID:1 /DYNAMICBASE /NXCOMPAT /IMPLIB:"C:\Users\user\Documents\Visual Studio 2010\Projects\number guess\Debug\number guess.lib" /MACHINE:X86 "Debug\random number.obj"
         LINK : 没有找到 C:\Users\user\Documents\Visual Studio 2010\Projects\number guess\Debug\number guess.exe 或上一个增量链接没有生成它；正在执行完全链接
         number guess.vcxproj -> C:\Users\user\Documents\Visual Studio 2010\Projects\number guess\Debug\number guess.exe
       Manifest:
         C:\Program Files (x86)\Microsoft SDKs\Windows\v7.0A\bin\mt.exe /nologo /verbose /outputresource:"C:\Users\user\Documents\Visual Studio 2010\Projects\number guess\Debug\number guess.exe;#1" /manifest "Debug\number guess.exe.intermediate.manifest"
       FinalizeBuildStatus:
         正在删除文件“Debug\number guess.unsuccessfulbuild”。
         正在对“Debug\number guess.lastbuildstate”执行 Touch 任务。
     1>已完成生成项目“C:\Users\user\Documents\Visual Studio 2010\Projects\number guess\number guess\number guess.vcxproj”(build 个目标)的操作。

生成成功。

已用时间 00:00:01.16
