生成启动时间为 2018/7/17 23:19:03。
     1>项目“C:\Users\user\Documents\Visual Studio 2010\Projects\Program-test\farmer\farmer\farmer.vcxproj”在节点 2 上(build 个目标)。
     1>PrepareForBuild:
         正在创建目录“C:\Users\user\Documents\Visual Studio 2010\Projects\Program-test\farmer\Debug\”。
       InitializeBuildStatus:
         正在创建“Debug\farmer.unsuccessfulbuild”，因为已指定“AlwaysCreate”。
       ClCompile:
         C:\Program Files (x86)\Microsoft Visual Studio 10.0\VC\bin\CL.exe /c /ZI /nologo /W3 /WX- /Od /Oy- /D _MBCS /Gm /EHsc /RTC1 /MDd /GS /fp:precise /Zc:wchar_t /Zc:forScope /Fo"Debug\\" /Fd"Debug\vc100.pdb" /Gd /TP /analyze- /errorReport:prompt former.cpp
         former.cpp
       Link:
         C:\Program Files (x86)\Microsoft Visual Studio 10.0\VC\bin\link.exe /ERRORREPORT:PROMPT /OUT:"C:\Users\user\Documents\Visual Studio 2010\Projects\Program-test\farmer\Debug\farmer.exe" /NOLOGO kernel32.lib user32.lib gdi32.lib winspool.lib comdlg32.lib advapi32.lib shell32.lib ole32.lib oleaut32.lib uuid.lib odbc32.lib odbccp32.lib /MANIFEST /ManifestFile:"Debug\farmer.exe.intermediate.manifest" /MANIFESTUAC:"level='asInvoker' uiAccess='false'" /DEBUG /PDB:"C:\Users\user\Documents\Visual Studio 2010\Projects\Program-test\farmer\Debug\farmer.pdb" /TLBID:1 /DYNAMICBASE /NXCOMPAT /IMPLIB:"C:\Users\user\Documents\Visual Studio 2010\Projects\Program-test\farmer\Debug\farmer.lib" /MACHINE:X86 Debug\former.obj
         farmer.vcxproj -> C:\Users\user\Documents\Visual Studio 2010\Projects\Program-test\farmer\Debug\farmer.exe
       Manifest:
         C:\Program Files (x86)\Microsoft SDKs\Windows\v7.0A\bin\mt.exe /nologo /verbose /outputresource:"C:\Users\user\Documents\Visual Studio 2010\Projects\Program-test\farmer\Debug\farmer.exe;#1" /manifest Debug\farmer.exe.intermediate.manifest
       FinalizeBuildStatus:
         正在删除文件“Debug\farmer.unsuccessfulbuild”。
         正在对“Debug\farmer.lastbuildstate”执行 Touch 任务。
     1>已完成生成项目“C:\Users\user\Documents\Visual Studio 2010\Projects\Program-test\farmer\farmer\farmer.vcxproj”(build 个目标)的操作。

生成成功。

已用时间 00:00:02.24
