生成启动时间为 2018/6/20 22:45:37。
     1>项目“C:\Users\user\Documents\Visual Studio 2010\Projects\Program-test\Huffman_tree\Huffman_tree\Huffman_tree.vcxproj”在节点 2 上(build 个目标)。
     1>InitializeBuildStatus:
         正在对“Debug\Huffman_tree.unsuccessfulbuild”执行 Touch 任务。
       ClCompile:
         C:\Program Files (x86)\Microsoft Visual Studio 10.0\VC\bin\CL.exe /c /ZI /nologo /W3 /WX- /Od /Oy- /D _MBCS /Gm /EHsc /RTC1 /MDd /GS /fp:precise /Zc:wchar_t /Zc:forScope /Fo"Debug\\" /Fd"Debug\vc100.pdb" /Gd /TP /analyze- /errorReport:prompt Huffman_tree.cpp
         Huffman_tree.cpp
     1>c:\users\user\documents\visual studio 2010\projects\program-test\huffman_tree\huffman_tree\huffman_tree.cpp(70): warning C4018: “<”: 有符号/无符号不匹配
     1>c:\users\user\documents\visual studio 2010\projects\program-test\huffman_tree\huffman_tree\huffman_tree.cpp(75): warning C4018: “<”: 有符号/无符号不匹配
     1>c:\users\user\documents\visual studio 2010\projects\program-test\huffman_tree\huffman_tree\huffman_tree.cpp(78): warning C4018: “<”: 有符号/无符号不匹配
     1>c:\users\user\documents\visual studio 2010\projects\program-test\huffman_tree\huffman_tree\huffman_tree.cpp(84): warning C4018: “<”: 有符号/无符号不匹配
       Link:
         C:\Program Files (x86)\Microsoft Visual Studio 10.0\VC\bin\link.exe /ERRORREPORT:PROMPT /OUT:"C:\Users\user\Documents\Visual Studio 2010\Projects\Program-test\Huffman_tree\Debug\Huffman_tree.exe" /NOLOGO kernel32.lib user32.lib gdi32.lib winspool.lib comdlg32.lib advapi32.lib shell32.lib ole32.lib oleaut32.lib uuid.lib odbc32.lib odbccp32.lib /MANIFEST /ManifestFile:"Debug\Huffman_tree.exe.intermediate.manifest" /MANIFESTUAC:"level='asInvoker' uiAccess='false'" /DEBUG /PDB:"C:\Users\user\Documents\Visual Studio 2010\Projects\Program-test\Huffman_tree\Debug\Huffman_tree.pdb" /TLBID:1 /DYNAMICBASE /NXCOMPAT /IMPLIB:"C:\Users\user\Documents\Visual Studio 2010\Projects\Program-test\Huffman_tree\Debug\Huffman_tree.lib" /MACHINE:X86 Debug\Bitree.obj
         Debug\Huffman_tree.obj
         LINK : 没有找到 C:\Users\user\Documents\Visual Studio 2010\Projects\Program-test\Huffman_tree\Debug\Huffman_tree.exe 或上一个增量链接没有生成它；正在执行完全链接
         Huffman_tree.vcxproj -> C:\Users\user\Documents\Visual Studio 2010\Projects\Program-test\Huffman_tree\Debug\Huffman_tree.exe
       Manifest:
         C:\Program Files (x86)\Microsoft SDKs\Windows\v7.0A\bin\mt.exe /nologo /verbose /outputresource:"C:\Users\user\Documents\Visual Studio 2010\Projects\Program-test\Huffman_tree\Debug\Huffman_tree.exe;#1" /manifest Debug\Huffman_tree.exe.intermediate.manifest
       FinalizeBuildStatus:
         正在删除文件“Debug\Huffman_tree.unsuccessfulbuild”。
         正在对“Debug\Huffman_tree.lastbuildstate”执行 Touch 任务。
     1>已完成生成项目“C:\Users\user\Documents\Visual Studio 2010\Projects\Program-test\Huffman_tree\Huffman_tree\Huffman_tree.vcxproj”(build 个目标)的操作。

生成成功。

已用时间 00:00:01.75
