生成启动时间为 2017/1/13 12:27:07。
     1>项目“C:\Users\user\Documents\Visual Studio 2010\Projects\6-12\6-23\6-23.vcxproj”在节点 2 上(build 个目标)。
     1>InitializeBuildStatus:
         正在创建“Debug\6-23.unsuccessfulbuild”，因为已指定“AlwaysCreate”。
       ClCompile:
         C:\Program Files (x86)\Microsoft Visual Studio 10.0\VC\bin\CL.exe /c /ZI /nologo /W3 /WX- /Od /Oy- /D _MBCS /Gm /EHsc /RTC1 /MDd /GS /fp:precise /Zc:wchar_t /Zc:forScope /Fo"Debug\\" /Fd"Debug\vc100.pdb" /Gd /TP /analyze- /errorReport:prompt "averge performance of each student.cpp"
         averge performance of each student.cpp
     1>c:\users\user\documents\visual studio 2010\projects\6-12\6-23\averge performance of each student.cpp(55): warning C4244: “=”: 从“double”转换到“int”，可能丢失数据
       Link:
         C:\Program Files (x86)\Microsoft Visual Studio 10.0\VC\bin\link.exe /ERRORREPORT:PROMPT /OUT:"C:\Users\user\Documents\Visual Studio 2010\Projects\6-12\Debug\6-23.exe" /NOLOGO kernel32.lib user32.lib gdi32.lib winspool.lib comdlg32.lib advapi32.lib shell32.lib ole32.lib oleaut32.lib uuid.lib odbc32.lib odbccp32.lib /MANIFEST /ManifestFile:"Debug\6-23.exe.intermediate.manifest" /MANIFESTUAC:"level='asInvoker' uiAccess='false'" /DEBUG /PDB:"C:\Users\user\Documents\Visual Studio 2010\Projects\6-12\Debug\6-23.pdb" /TLBID:1 /DYNAMICBASE /NXCOMPAT /IMPLIB:"C:\Users\user\Documents\Visual Studio 2010\Projects\6-12\Debug\6-23.lib" /MACHINE:X86 "Debug\averge performance of each student.obj"
         LINK : 没有找到 C:\Users\user\Documents\Visual Studio 2010\Projects\6-12\Debug\6-23.exe 或上一个增量链接没有生成它；正在执行完全链接
         6-23.vcxproj -> C:\Users\user\Documents\Visual Studio 2010\Projects\6-12\Debug\6-23.exe
       Manifest:
         C:\Program Files (x86)\Microsoft SDKs\Windows\v7.0A\bin\mt.exe /nologo /verbose /outputresource:"C:\Users\user\Documents\Visual Studio 2010\Projects\6-12\Debug\6-23.exe;#1" /manifest "Debug\6-23.exe.intermediate.manifest"
       FinalizeBuildStatus:
         正在删除文件“Debug\6-23.unsuccessfulbuild”。
         正在对“Debug\6-23.lastbuildstate”执行 Touch 任务。
     1>已完成生成项目“C:\Users\user\Documents\Visual Studio 2010\Projects\6-12\6-23\6-23.vcxproj”(build 个目标)的操作。

生成成功。

已用时间 00:00:02.12
