生成启动时间为 2016/12/11 19:49:25。
     1>项目“C:\Users\user\Documents\Visual Studio 2010\Projects\6-12\6-12\6-12.vcxproj”在节点 2 上(build 个目标)。
     1>PrepareForBuild:
         正在创建目录“C:\Users\user\Documents\Visual Studio 2010\Projects\6-12\Debug\”。
       InitializeBuildStatus:
         正在创建“Debug\6-12.unsuccessfulbuild”，因为已指定“AlwaysCreate”。
       ClCompile:
         C:\Program Files (x86)\Microsoft Visual Studio 10.0\VC\bin\CL.exe /c /ZI /nologo /W3 /WX- /Od /Oy- /D _MBCS /Gm /EHsc /RTC1 /MDd /GS /fp:precise /Zc:wchar_t /Zc:forScope /Fo"Debug\\" /Fd"Debug\vc100.pdb" /Gd /TP /analyze- /errorReport:prompt statement.cpp
         statement.cpp
     1>c:\users\user\documents\visual studio 2010\projects\6-12\6-12\statement.cpp(4): warning C4101: “pfloat”: 未引用的局部变量
     1>c:\users\user\documents\visual studio 2010\projects\6-12\6-12\statement.cpp(5): warning C4101: “pstr”: 未引用的局部变量
     1>c:\users\user\documents\visual studio 2010\projects\6-12\6-12\statement.cpp(6): warning C4101: “pcus”: 未引用的局部变量
       Link:
         C:\Program Files (x86)\Microsoft Visual Studio 10.0\VC\bin\link.exe /ERRORREPORT:PROMPT /OUT:"C:\Users\user\Documents\Visual Studio 2010\Projects\6-12\Debug\6-12.exe" /NOLOGO kernel32.lib user32.lib gdi32.lib winspool.lib comdlg32.lib advapi32.lib shell32.lib ole32.lib oleaut32.lib uuid.lib odbc32.lib odbccp32.lib /MANIFEST /ManifestFile:"Debug\6-12.exe.intermediate.manifest" /MANIFESTUAC:"level='asInvoker' uiAccess='false'" /DEBUG /PDB:"C:\Users\user\Documents\Visual Studio 2010\Projects\6-12\Debug\6-12.pdb" /TLBID:1 /DYNAMICBASE /NXCOMPAT /IMPLIB:"C:\Users\user\Documents\Visual Studio 2010\Projects\6-12\Debug\6-12.lib" /MACHINE:X86 Debug\statement.obj
         6-12.vcxproj -> C:\Users\user\Documents\Visual Studio 2010\Projects\6-12\Debug\6-12.exe
       Manifest:
         C:\Program Files (x86)\Microsoft SDKs\Windows\v7.0A\bin\mt.exe /nologo /verbose /outputresource:"C:\Users\user\Documents\Visual Studio 2010\Projects\6-12\Debug\6-12.exe;#1" /manifest "Debug\6-12.exe.intermediate.manifest"
       FinalizeBuildStatus:
         正在删除文件“Debug\6-12.unsuccessfulbuild”。
         正在对“Debug\6-12.lastbuildstate”执行 Touch 任务。
     1>已完成生成项目“C:\Users\user\Documents\Visual Studio 2010\Projects\6-12\6-12\6-12.vcxproj”(build 个目标)的操作。

生成成功。

已用时间 00:00:13.90
