生成启动时间为 2018/7/18 17:55:20。
     1>项目“C:\Users\user\Documents\Visual Studio 2010\Projects\Program-test\hosipital\hosipital\hosipital.vcxproj”在节点 2 上(build 个目标)。
     1>InitializeBuildStatus:
         正在对“Debug\hosipital.unsuccessfulbuild”执行 Touch 任务。
       ClCompile:
         C:\Program Files (x86)\Microsoft Visual Studio 10.0\VC\bin\CL.exe /c /ZI /nologo /W3 /WX- /Od /Oy- /D _MBCS /Gm /EHsc /RTC1 /MDd /GS /fp:precise /Zc:wchar_t /Zc:forScope /Fo"Debug\\" /Fd"Debug\vc100.pdb" /Gd /TP /analyze- /errorReport:prompt hospital.cpp
         hospital.cpp
     1>c:\users\user\documents\visual studio 2010\projects\program-test\hosipital\hosipital\hospital.cpp(158): warning C4996: 'scanf': This function or variable may be unsafe. Consider using scanf_s instead. To disable deprecation, use _CRT_SECURE_NO_WARNINGS. See online help for details.
                 c:\program files (x86)\microsoft visual studio 10.0\vc\include\stdio.h(304) : 参见“scanf”的声明
       Link:
         C:\Program Files (x86)\Microsoft Visual Studio 10.0\VC\bin\link.exe /ERRORREPORT:PROMPT /OUT:"C:\Users\user\Documents\Visual Studio 2010\Projects\Program-test\hosipital\Debug\hosipital.exe" /NOLOGO kernel32.lib user32.lib gdi32.lib winspool.lib comdlg32.lib advapi32.lib shell32.lib ole32.lib oleaut32.lib uuid.lib odbc32.lib odbccp32.lib /MANIFEST /ManifestFile:"Debug\hosipital.exe.intermediate.manifest" /MANIFESTUAC:"level='asInvoker' uiAccess='false'" /DEBUG /PDB:"C:\Users\user\Documents\Visual Studio 2010\Projects\Program-test\hosipital\Debug\hosipital.pdb" /TLBID:1 /DYNAMICBASE /NXCOMPAT /IMPLIB:"C:\Users\user\Documents\Visual Studio 2010\Projects\Program-test\hosipital\Debug\hosipital.lib" /MACHINE:X86 Debug\hospital.obj
         hosipital.vcxproj -> C:\Users\user\Documents\Visual Studio 2010\Projects\Program-test\hosipital\Debug\hosipital.exe
       Manifest:
         C:\Program Files (x86)\Microsoft SDKs\Windows\v7.0A\bin\mt.exe /nologo /verbose /outputresource:"C:\Users\user\Documents\Visual Studio 2010\Projects\Program-test\hosipital\Debug\hosipital.exe;#1" /manifest Debug\hosipital.exe.intermediate.manifest
       FinalizeBuildStatus:
         正在删除文件“Debug\hosipital.unsuccessfulbuild”。
         正在对“Debug\hosipital.lastbuildstate”执行 Touch 任务。
     1>已完成生成项目“C:\Users\user\Documents\Visual Studio 2010\Projects\Program-test\hosipital\hosipital\hosipital.vcxproj”(build 个目标)的操作。

生成成功。

已用时间 00:00:01.65
