生成启动时间为 2016/9/17 22:57:41。
     1>项目“c:\Users\user\documents\visual studio 2010\Projects\E\e\e.vcxproj”在节点 2 上(build 个目标)。
     1>InitializeBuildStatus:
         正在创建“Debug\e.unsuccessfulbuild”，因为已指定“AlwaysCreate”。
       ClCompile:
         C:\Program Files (x86)\Microsoft Visual Studio 10.0\VC\bin\CL.exe /c /ZI /nologo /W3 /WX- /Od /Oy- /D _MBCS /Gm /EHsc /RTC1 /MDd /GS /fp:precise /Zc:wchar_t /Zc:forScope /Fo"Debug\\" /Fd"Debug\vc100.pdb" /Gd /TP /analyze- /errorReport:prompt e.cpp
         e.cpp
     1>c:\users\user\documents\visual studio 2010\projects\e\e\e.cpp(1): warning C4067: 预处理器指令后有意外标记 - 应输入换行符
       Link:
         C:\Program Files (x86)\Microsoft Visual Studio 10.0\VC\bin\link.exe /ERRORREPORT:PROMPT /OUT:"c:\users\user\documents\visual studio 2010\Projects\e\Debug\e.exe" /NOLOGO kernel32.lib user32.lib gdi32.lib winspool.lib comdlg32.lib advapi32.lib shell32.lib ole32.lib oleaut32.lib uuid.lib odbc32.lib odbccp32.lib /MANIFEST /ManifestFile:"Debug\e.exe.intermediate.manifest" /MANIFESTUAC:"level='asInvoker' uiAccess='false'" /DEBUG /PDB:"c:\users\user\documents\visual studio 2010\Projects\e\Debug\e.pdb" /TLBID:1 /DYNAMICBASE /NXCOMPAT /IMPLIB:"c:\users\user\documents\visual studio 2010\Projects\e\Debug\e.lib" /MACHINE:X86 Debug\e.obj
         LINK : 没有找到 c:\users\user\documents\visual studio 2010\Projects\e\Debug\e.exe 或上一个增量链接没有生成它；正在执行完全链接
         e.vcxproj -> c:\users\user\documents\visual studio 2010\Projects\e\Debug\e.exe
       Manifest:
         C:\Program Files (x86)\Microsoft SDKs\Windows\v7.0A\bin\mt.exe /nologo /verbose /outputresource:"c:\users\user\documents\visual studio 2010\Projects\e\Debug\e.exe;#1" /manifest Debug\e.exe.intermediate.manifest
       FinalizeBuildStatus:
         正在删除文件“Debug\e.unsuccessfulbuild”。
         正在对“Debug\e.lastbuildstate”执行 Touch 任务。
     1>已完成生成项目“c:\Users\user\documents\visual studio 2010\Projects\E\e\e.vcxproj”(build 个目标)的操作。

生成成功。

已用时间 00:00:01.71
