生成启动时间为 2018/7/18 22:50:06。
     1>项目“C:\Users\user\Documents\Visual Studio 2010\Projects\Program-test\BiNodeSearch\BiNodeSearch\BiNodeSearch.vcxproj”在节点 2 上(build 个目标)。
     1>InitializeBuildStatus:
         正在创建“Debug\BiNodeSearch.unsuccessfulbuild”，因为已指定“AlwaysCreate”。
       ClCompile:
         C:\Program Files (x86)\Microsoft Visual Studio 10.0\VC\bin\CL.exe /c /ZI /nologo /W3 /WX- /Od /Oy- /D _MBCS /Gm /EHsc /RTC1 /MDd /GS /fp:precise /Zc:wchar_t /Zc:forScope /Fo"Debug\\" /Fd"Debug\vc100.pdb" /Gd /TP /analyze- /errorReport:prompt "..\..\..\..\..\..\Downloads\Compressed\数据结构（C++版）第2版（王红梅）(8)\24416数据结构（第2版）\数据结构程序（简版）\二叉链表验证实验\bitreemain.cpp"
         bitreemain.cpp
       Link:
         C:\Program Files (x86)\Microsoft Visual Studio 10.0\VC\bin\link.exe /ERRORREPORT:PROMPT /OUT:"C:\Users\user\Documents\Visual Studio 2010\Projects\Program-test\BiNodeSearch\Debug\BiNodeSearch.exe" /NOLOGO kernel32.lib user32.lib gdi32.lib winspool.lib comdlg32.lib advapi32.lib shell32.lib ole32.lib oleaut32.lib uuid.lib odbc32.lib odbccp32.lib /MANIFEST /ManifestFile:"Debug\BiNodeSearch.exe.intermediate.manifest" /MANIFESTUAC:"level='asInvoker' uiAccess='false'" /DEBUG /PDB:"C:\Users\user\Documents\Visual Studio 2010\Projects\Program-test\BiNodeSearch\Debug\BiNodeSearch.pdb" /TLBID:1 /DYNAMICBASE /NXCOMPAT /IMPLIB:"C:\Users\user\Documents\Visual Studio 2010\Projects\Program-test\BiNodeSearch\Debug\BiNodeSearch.lib" /MACHINE:X86 Debug\Bitree.obj
         Debug\bitreemain.obj
         LINK : 没有找到 C:\Users\user\Documents\Visual Studio 2010\Projects\Program-test\BiNodeSearch\Debug\BiNodeSearch.exe 或上一个增量链接没有生成它；正在执行完全链接
         BiNodeSearch.vcxproj -> C:\Users\user\Documents\Visual Studio 2010\Projects\Program-test\BiNodeSearch\Debug\BiNodeSearch.exe
       Manifest:
         C:\Program Files (x86)\Microsoft SDKs\Windows\v7.0A\bin\mt.exe /nologo /verbose /outputresource:"C:\Users\user\Documents\Visual Studio 2010\Projects\Program-test\BiNodeSearch\Debug\BiNodeSearch.exe;#1" /manifest Debug\BiNodeSearch.exe.intermediate.manifest
       FinalizeBuildStatus:
         正在删除文件“Debug\BiNodeSearch.unsuccessfulbuild”。
         正在对“Debug\BiNodeSearch.lastbuildstate”执行 Touch 任务。
     1>已完成生成项目“C:\Users\user\Documents\Visual Studio 2010\Projects\Program-test\BiNodeSearch\BiNodeSearch\BiNodeSearch.vcxproj”(build 个目标)的操作。

生成成功。

已用时间 00:00:02.94
