生成启动时间为 2018/6/13 10:16:12。
     1>项目“C:\Users\user\Documents\Visual Studio 2010\Projects\Program-test\signal amplifier\signal amplifier\signal amplifier.vcxproj”在节点 2 上(build 个目标)。
     1>InitializeBuildStatus:
         正在创建“Debug\signal amplifier.unsuccessfulbuild”，因为已指定“AlwaysCreate”。
       ClCompile:
         C:\Program Files (x86)\Microsoft Visual Studio 10.0\VC\bin\CL.exe /c /ZI /nologo /W3 /WX- /Od /Oy- /D _MBCS /Gm /EHsc /RTC1 /MDd /GS /fp:precise /Zc:wchar_t /Zc:forScope /Fo"Debug\\" /Fd"Debug\vc100.pdb" /Gd /TP /analyze- /errorReport:prompt signal_amplifier.cpp
         signal_amplifier.cpp
     1>c:\users\user\documents\visual studio 2010\projects\program-test\signal amplifier\signal amplifier\signal_amplifier.cpp(19): warning C4101: “i”: 未引用的局部变量
     1>c:\users\user\documents\visual studio 2010\projects\program-test\signal amplifier\signal amplifier\signal_amplifier.cpp(72): warning C4101: “i”: 未引用的局部变量
       Link:
         C:\Program Files (x86)\Microsoft Visual Studio 10.0\VC\bin\link.exe /ERRORREPORT:PROMPT /OUT:"C:\Users\user\Documents\Visual Studio 2010\Projects\Program-test\signal amplifier\Debug\signal amplifier.exe" /NOLOGO kernel32.lib user32.lib gdi32.lib winspool.lib comdlg32.lib advapi32.lib shell32.lib ole32.lib oleaut32.lib uuid.lib odbc32.lib odbccp32.lib /MANIFEST /ManifestFile:"Debug\signal amplifier.exe.intermediate.manifest" /MANIFESTUAC:"level='asInvoker' uiAccess='false'" /DEBUG /PDB:"C:\Users\user\Documents\Visual Studio 2010\Projects\Program-test\signal amplifier\Debug\signal amplifier.pdb" /TLBID:1 /DYNAMICBASE /NXCOMPAT /IMPLIB:"C:\Users\user\Documents\Visual Studio 2010\Projects\Program-test\signal amplifier\Debug\signal amplifier.lib" /MACHINE:X86 Debug\signal_amplifier.obj
         LINK : 没有找到 C:\Users\user\Documents\Visual Studio 2010\Projects\Program-test\signal amplifier\Debug\signal amplifier.exe 或上一个增量链接没有生成它；正在执行完全链接
         signal amplifier.vcxproj -> C:\Users\user\Documents\Visual Studio 2010\Projects\Program-test\signal amplifier\Debug\signal amplifier.exe
       Manifest:
         C:\Program Files (x86)\Microsoft SDKs\Windows\v7.0A\bin\mt.exe /nologo /verbose /outputresource:"C:\Users\user\Documents\Visual Studio 2010\Projects\Program-test\signal amplifier\Debug\signal amplifier.exe;#1" /manifest "Debug\signal amplifier.exe.intermediate.manifest"
       FinalizeBuildStatus:
         正在删除文件“Debug\signal amplifier.unsuccessfulbuild”。
         正在对“Debug\signal amplifier.lastbuildstate”执行 Touch 任务。
     1>已完成生成项目“C:\Users\user\Documents\Visual Studio 2010\Projects\Program-test\signal amplifier\signal amplifier\signal amplifier.vcxproj”(build 个目标)的操作。

生成成功。

已用时间 00:00:02.21
